<?xml version="1.0" encoding="UTF-8"?>
<!-- Generated by org.testng.reporters.JUnitXMLReporter -->
<testsuite ignored="0" hostname="DESKTOP-CTNIRRU" failures="0" tests="3" name="Default test" time="27.613" errors="0" timestamp="2024-08-08T07:50:23 IST">
  <testcase classname="testNgLearn.DashBoard" name="validateDashboardPageContent" time="0.44"/>
  <testcase classname="testNgLearn.DashBoard" name="validateSections" time="0.761"/>
  <testcase classname="testNgLearn.DashBoard" name="validateTitle" time="0.005"/>
</testsuite> <!-- Default test -->
