<?xml version="1.0" encoding="UTF-8"?>
<!-- Generated by org.testng.reporters.JUnitXMLReporter -->
<testsuite ignored="1" hostname="DESKTOP-CTNIRRU" failures="0" tests="15" name="Test" time="28.946" errors="0" timestamp="2024-08-08T08:09:59 IST">
  <testcase classname="testNgLearn.DashBoard" name="validateDashboardPageContent" time="0.373"/>
  <testcase classname="testNgLearn.DashBoard" name="validateSections" time="0.95"/>
  <testcase classname="testNgLearn.DashBoard" name="validateTitle" time="0.007"/>
  <testcase classname="testNgLearn.BaseClass" name="performTest" time="0.001"/>
  <testcase classname="testNgLearn.BaseClass" name="performTest" time="0.001"/>
  <testcase classname="testNgLearn.BaseClass" name="performTest" time="0.002"/>
  <testcase classname="testNgLearn.BaseClass" name="performTest" time="0.003"/>
  <testcase classname="testNgLearn.BaseClass" name="performTest" time="0.001"/>
  <testcase classname="testNgLearn.BaseClass" name="performTest" time="0.002"/>
  <testcase classname="testNgLearn.BaseClass" name="performTest" time="0.001"/>
  <testcase classname="testNgLearn.BaseClass" name="performTest" time="0.002"/>
  <testcase classname="testNgLearn.BaseClass" name="performTest" time="0.001"/>
  <testcase classname="testNgLearn.BaseClass" name="performTest" time="0.001"/>
  <testcase classname="testNgLearn.BaseClass" name="performTest1" time="0.002"/>
  <testcase classname="testNgLearn.BaseClass" name="performTest2" time="0.003"/>
  <testcase classname="testNgLearn.BaseClass" name="performTest3" time="0.0">
    <ignored/>
  </testcase> <!-- performTest3 -->
</testsuite> <!-- Test -->
